running egg_info
creating ../../../build/robot_description/robot_description.egg-info
writing ../../../build/robot_description/robot_description.egg-info/PKG-INFO
writing dependency_links to ../../../build/robot_description/robot_description.egg-info/dependency_links.txt
writing entry points to ../../../build/robot_description/robot_description.egg-info/entry_points.txt
writing requirements to ../../../build/robot_description/robot_description.egg-info/requires.txt
writing top-level names to ../../../build/robot_description/robot_description.egg-info/top_level.txt
writing manifest file '../../../build/robot_description/robot_description.egg-info/SOURCES.txt'
reading manifest file '../../../build/robot_description/robot_description.egg-info/SOURCES.txt'
writing manifest file '../../../build/robot_description/robot_description.egg-info/SOURCES.txt'
running build
running build_py
creating /home/paradox/omni_r2_ws/build/robot_description/build
creating /home/paradox/omni_r2_ws/build/robot_description/build/lib
creating /home/paradox/omni_r2_ws/build/robot_description/build/lib/robot_description
copying robot_description/__init__.py -> /home/paradox/omni_r2_ws/build/robot_description/build/lib/robot_description
running install
running install_lib
creating /home/paradox/omni_r2_ws/install/robot_description/lib/python3.10/site-packages/robot_description
copying /home/paradox/omni_r2_ws/build/robot_description/build/lib/robot_description/__init__.py -> /home/paradox/omni_r2_ws/install/robot_description/lib/python3.10/site-packages/robot_description
byte-compiling /home/paradox/omni_r2_ws/install/robot_description/lib/python3.10/site-packages/robot_description/__init__.py to __init__.cpython-310.pyc
running install_data
creating /home/paradox/omni_r2_ws/install/robot_description/share/ament_index
creating /home/paradox/omni_r2_ws/install/robot_description/share/ament_index/resource_index
creating /home/paradox/omni_r2_ws/install/robot_description/share/ament_index/resource_index/packages
copying resource/robot_description -> /home/paradox/omni_r2_ws/install/robot_description/share/ament_index/resource_index/packages
copying package.xml -> /home/paradox/omni_r2_ws/install/robot_description/share/robot_description
creating /home/paradox/omni_r2_ws/install/robot_description/share/robot_description/launch
copying launch/display.launch.py -> /home/paradox/omni_r2_ws/install/robot_description/share/robot_description/launch
copying launch/gazebo.launch.py -> /home/paradox/omni_r2_ws/install/robot_description/share/robot_description/launch
creating /home/paradox/omni_r2_ws/install/robot_description/share/robot_description/urdf
copying urdf/robot.trans -> /home/paradox/omni_r2_ws/install/robot_description/share/robot_description/urdf
copying urdf/robot.gazebo -> /home/paradox/omni_r2_ws/install/robot_description/share/robot_description/urdf
copying urdf/materials.xacro -> /home/paradox/omni_r2_ws/install/robot_description/share/robot_description/urdf
copying urdf/robot.xacro -> /home/paradox/omni_r2_ws/install/robot_description/share/robot_description/urdf
creating /home/paradox/omni_r2_ws/install/robot_description/share/robot_description/meshes
copying meshes/roller_3_7.stl -> /home/paradox/omni_r2_ws/install/robot_description/share/robot_description/meshes
copying meshes/wheel_3.stl -> /home/paradox/omni_r2_ws/install/robot_description/share/robot_description/meshes
copying meshes/roller_2_7.stl -> /home/paradox/omni_r2_ws/install/robot_description/share/robot_description/meshes
copying meshes/roller_4_4.stl -> /home/paradox/omni_r2_ws/install/robot_description/share/robot_description/meshes
copying meshes/wheel_4.stl -> /home/paradox/omni_r2_ws/install/robot_description/share/robot_description/meshes
copying meshes/roller_1_5.stl -> /home/paradox/omni_r2_ws/install/robot_description/share/robot_description/meshes
copying meshes/roller_4_7.stl -> /home/paradox/omni_r2_ws/install/robot_description/share/robot_description/meshes
copying meshes/roller_3_6.stl -> /home/paradox/omni_r2_ws/install/robot_description/share/robot_description/meshes
copying meshes/wheel_1.stl -> /home/paradox/omni_r2_ws/install/robot_description/share/robot_description/meshes
copying meshes/roller_4_1.stl -> /home/paradox/omni_r2_ws/install/robot_description/share/robot_description/meshes
copying meshes/roller_3_1.stl -> /home/paradox/omni_r2_ws/install/robot_description/share/robot_description/meshes
copying meshes/roller_2_2.stl -> /home/paradox/omni_r2_ws/install/robot_description/share/robot_description/meshes
copying meshes/base_link.stl -> /home/paradox/omni_r2_ws/install/robot_description/share/robot_description/meshes
copying meshes/roller_3_4.stl -> /home/paradox/omni_r2_ws/install/robot_description/share/robot_description/meshes
copying meshes/roller_4_6.stl -> /home/paradox/omni_r2_ws/install/robot_description/share/robot_description/meshes
copying meshes/roller_2_3.stl -> /home/paradox/omni_r2_ws/install/robot_description/share/robot_description/meshes
copying meshes/roller_1_1.stl -> /home/paradox/omni_r2_ws/install/robot_description/share/robot_description/meshes
copying meshes/roller_3_3.stl -> /home/paradox/omni_r2_ws/install/robot_description/share/robot_description/meshes
copying meshes/roller_4_3.stl -> /home/paradox/omni_r2_ws/install/robot_description/share/robot_description/meshes
copying meshes/roller_1_3.stl -> /home/paradox/omni_r2_ws/install/robot_description/share/robot_description/meshes
copying meshes/roller_2_5.stl -> /home/paradox/omni_r2_ws/install/robot_description/share/robot_description/meshes
copying meshes/roller_2_1.stl -> /home/paradox/omni_r2_ws/install/robot_description/share/robot_description/meshes
copying meshes/roller_2_4.stl -> /home/paradox/omni_r2_ws/install/robot_description/share/robot_description/meshes
copying meshes/camera_1.stl -> /home/paradox/omni_r2_ws/install/robot_description/share/robot_description/meshes
copying meshes/roller_1_4.stl -> /home/paradox/omni_r2_ws/install/robot_description/share/robot_description/meshes
copying meshes/roller_3_5.stl -> /home/paradox/omni_r2_ws/install/robot_description/share/robot_description/meshes
copying meshes/roller_1_2.stl -> /home/paradox/omni_r2_ws/install/robot_description/share/robot_description/meshes
copying meshes/wheel_2.stl -> /home/paradox/omni_r2_ws/install/robot_description/share/robot_description/meshes
copying meshes/roller_1_6.stl -> /home/paradox/omni_r2_ws/install/robot_description/share/robot_description/meshes
copying meshes/lidar_1.stl -> /home/paradox/omni_r2_ws/install/robot_description/share/robot_description/meshes
copying meshes/roller_4_2.stl -> /home/paradox/omni_r2_ws/install/robot_description/share/robot_description/meshes
creating /home/paradox/omni_r2_ws/install/robot_description/share/robot_description/config
copying config/display.rviz -> /home/paradox/omni_r2_ws/install/robot_description/share/robot_description/config
copying config/omni_controller.yaml -> /home/paradox/omni_r2_ws/install/robot_description/share/robot_description/config
running install_egg_info
Copying ../../../build/robot_description/robot_description.egg-info to /home/paradox/omni_r2_ws/install/robot_description/lib/python3.10/site-packages/robot_description-0.0.0-py3.10.egg-info
running install_scripts
writing list of installed files to '/home/paradox/omni_r2_ws/build/robot_description/install.log'
