[0.348s] DEBUG:colcon:Command line arguments: ['/usr/bin/colcon', 'build']
[0.348s] DEBUG:colcon:Parsed command line arguments: Namespace(log_base=None, log_level=None, verb_name='build', build_base='build', install_base='install', merge_install=False, symlink_install=False, test_result_base=None, continue_on_error=False, executor='parallel', parallel_workers=8, event_handlers=None, ignore_user_meta=False, metas=['./colcon.meta'], base_paths=['.'], packages_ignore=None, packages_ignore_regex=None, paths=None, packages_up_to=None, packages_up_to_regex=None, packages_above=None, packages_above_and_dependencies=None, packages_above_depth=None, packages_select_by_dep=None, packages_skip_by_dep=None, packages_skip_up_to=None, packages_select_build_failed=False, packages_skip_build_finished=False, packages_select_test_failures=False, packages_skip_test_passed=False, packages_select=None, packages_skip=None, packages_select_regex=None, packages_skip_regex=None, packages_start=None, packages_end=None, allow_overriding=[], cmake_args=None, cmake_target=None, cmake_target_skip_unavailable=False, cmake_clean_cache=False, cmake_clean_first=False, cmake_force_configure=False, ament_cmake_args=None, catkin_cmake_args=None, catkin_skip_building_tests=False, verb_parser=<colcon_defaults.argument_parser.defaults.DefaultArgumentsDecorator object at 0x7fa8cbbd3e20>, verb_extension=<colcon_core.verb.build.BuildVerb object at 0x7fa8cc3db0d0>, main=<bound method BuildVerb.main of <colcon_core.verb.build.BuildVerb object at 0x7fa8cc3db0d0>>)
[0.397s] Level 1:colcon.colcon_core.package_discovery:discover_packages(colcon_meta) check parameters
[0.397s] Level 1:colcon.colcon_core.package_discovery:discover_packages(recursive) check parameters
[0.397s] Level 1:colcon.colcon_core.package_discovery:discover_packages(ignore) check parameters
[0.397s] Level 1:colcon.colcon_core.package_discovery:discover_packages(path) check parameters
[0.397s] Level 1:colcon.colcon_core.package_discovery:discover_packages(colcon_meta) discover
[0.397s] Level 1:colcon.colcon_core.package_discovery:discover_packages(recursive) discover
[0.397s] INFO:colcon.colcon_core.package_discovery:Crawling recursively for packages in '/home/paradox/omni_r2_ws'
[0.397s] Level 1:colcon.colcon_core.package_identification:_identify(.) by extensions ['ignore', 'ignore_ament_install']
[0.397s] Level 1:colcon.colcon_core.package_identification:_identify(.) by extension 'ignore'
[0.397s] Level 1:colcon.colcon_core.package_identification:_identify(.) by extension 'ignore_ament_install'
[0.397s] Level 1:colcon.colcon_core.package_identification:_identify(.) by extensions ['colcon_pkg']
[0.397s] Level 1:colcon.colcon_core.package_identification:_identify(.) by extension 'colcon_pkg'
[0.397s] Level 1:colcon.colcon_core.package_identification:_identify(.) by extensions ['colcon_meta']
[0.397s] Level 1:colcon.colcon_core.package_identification:_identify(.) by extension 'colcon_meta'
[0.397s] Level 1:colcon.colcon_core.package_identification:_identify(.) by extensions ['ros']
[0.397s] Level 1:colcon.colcon_core.package_identification:_identify(.) by extension 'ros'
[0.408s] Level 1:colcon.colcon_core.package_identification:_identify(.) by extensions ['cmake', 'python']
[0.408s] Level 1:colcon.colcon_core.package_identification:_identify(.) by extension 'cmake'
[0.408s] Level 1:colcon.colcon_core.package_identification:_identify(.) by extension 'python'
[0.408s] Level 1:colcon.colcon_core.package_identification:_identify(.) by extensions ['python_setup_py']
[0.408s] Level 1:colcon.colcon_core.package_identification:_identify(.) by extension 'python_setup_py'
[0.408s] Level 1:colcon.colcon_core.package_identification:_identify(build) by extensions ['ignore', 'ignore_ament_install']
[0.408s] Level 1:colcon.colcon_core.package_identification:_identify(build) by extension 'ignore'
[0.408s] Level 1:colcon.colcon_core.package_identification:_identify(build) ignored
[0.408s] Level 1:colcon.colcon_core.package_identification:_identify(install) by extensions ['ignore', 'ignore_ament_install']
[0.408s] Level 1:colcon.colcon_core.package_identification:_identify(install) by extension 'ignore'
[0.408s] Level 1:colcon.colcon_core.package_identification:_identify(install) ignored
[0.409s] Level 1:colcon.colcon_core.package_identification:_identify(log) by extensions ['ignore', 'ignore_ament_install']
[0.409s] Level 1:colcon.colcon_core.package_identification:_identify(log) by extension 'ignore'
[0.409s] Level 1:colcon.colcon_core.package_identification:_identify(log) ignored
[0.409s] Level 1:colcon.colcon_core.package_identification:_identify(omni_ros2) by extensions ['ignore', 'ignore_ament_install']
[0.409s] Level 1:colcon.colcon_core.package_identification:_identify(omni_ros2) by extension 'ignore'
[0.409s] Level 1:colcon.colcon_core.package_identification:_identify(omni_ros2) by extension 'ignore_ament_install'
[0.409s] Level 1:colcon.colcon_core.package_identification:_identify(omni_ros2) by extensions ['colcon_pkg']
[0.409s] Level 1:colcon.colcon_core.package_identification:_identify(omni_ros2) by extension 'colcon_pkg'
[0.409s] Level 1:colcon.colcon_core.package_identification:_identify(omni_ros2) by extensions ['colcon_meta']
[0.409s] Level 1:colcon.colcon_core.package_identification:_identify(omni_ros2) by extension 'colcon_meta'
[0.409s] Level 1:colcon.colcon_core.package_identification:_identify(omni_ros2) by extensions ['ros']
[0.409s] Level 1:colcon.colcon_core.package_identification:_identify(omni_ros2) by extension 'ros'
[0.409s] Level 1:colcon.colcon_core.package_identification:_identify(omni_ros2) by extensions ['cmake', 'python']
[0.409s] Level 1:colcon.colcon_core.package_identification:_identify(omni_ros2) by extension 'cmake'
[0.409s] Level 1:colcon.colcon_core.package_identification:_identify(omni_ros2) by extension 'python'
[0.409s] Level 1:colcon.colcon_core.package_identification:_identify(omni_ros2) by extensions ['python_setup_py']
[0.409s] Level 1:colcon.colcon_core.package_identification:_identify(omni_ros2) by extension 'python_setup_py'
[0.409s] Level 1:colcon.colcon_core.package_identification:_identify(omni_ros2/src) by extensions ['ignore', 'ignore_ament_install']
[0.409s] Level 1:colcon.colcon_core.package_identification:_identify(omni_ros2/src) by extension 'ignore'
[0.409s] Level 1:colcon.colcon_core.package_identification:_identify(omni_ros2/src) by extension 'ignore_ament_install'
[0.409s] Level 1:colcon.colcon_core.package_identification:_identify(omni_ros2/src) by extensions ['colcon_pkg']
[0.409s] Level 1:colcon.colcon_core.package_identification:_identify(omni_ros2/src) by extension 'colcon_pkg'
[0.410s] Level 1:colcon.colcon_core.package_identification:_identify(omni_ros2/src) by extensions ['colcon_meta']
[0.410s] Level 1:colcon.colcon_core.package_identification:_identify(omni_ros2/src) by extension 'colcon_meta'
[0.410s] Level 1:colcon.colcon_core.package_identification:_identify(omni_ros2/src) by extensions ['ros']
[0.410s] Level 1:colcon.colcon_core.package_identification:_identify(omni_ros2/src) by extension 'ros'
[0.410s] Level 1:colcon.colcon_core.package_identification:_identify(omni_ros2/src) by extensions ['cmake', 'python']
[0.410s] Level 1:colcon.colcon_core.package_identification:_identify(omni_ros2/src) by extension 'cmake'
[0.410s] Level 1:colcon.colcon_core.package_identification:_identify(omni_ros2/src) by extension 'python'
[0.410s] Level 1:colcon.colcon_core.package_identification:_identify(omni_ros2/src) by extensions ['python_setup_py']
[0.410s] Level 1:colcon.colcon_core.package_identification:_identify(omni_ros2/src) by extension 'python_setup_py'
[0.410s] Level 1:colcon.colcon_core.package_identification:_identify(omni_ros2/src/omni_control) by extensions ['ignore', 'ignore_ament_install']
[0.410s] Level 1:colcon.colcon_core.package_identification:_identify(omni_ros2/src/omni_control) by extension 'ignore'
[0.410s] Level 1:colcon.colcon_core.package_identification:_identify(omni_ros2/src/omni_control) by extension 'ignore_ament_install'
[0.410s] Level 1:colcon.colcon_core.package_identification:_identify(omni_ros2/src/omni_control) by extensions ['colcon_pkg']
[0.410s] Level 1:colcon.colcon_core.package_identification:_identify(omni_ros2/src/omni_control) by extension 'colcon_pkg'
[0.410s] Level 1:colcon.colcon_core.package_identification:_identify(omni_ros2/src/omni_control) by extensions ['colcon_meta']
[0.410s] Level 1:colcon.colcon_core.package_identification:_identify(omni_ros2/src/omni_control) by extension 'colcon_meta'
[0.410s] Level 1:colcon.colcon_core.package_identification:_identify(omni_ros2/src/omni_control) by extensions ['ros']
[0.410s] Level 1:colcon.colcon_core.package_identification:_identify(omni_ros2/src/omni_control) by extension 'ros'
[0.412s] DEBUG:colcon.colcon_core.package_identification:Package 'omni_ros2/src/omni_control' with type 'ros.ament_python' and name 'omni_control'
[0.412s] Level 1:colcon.colcon_core.package_identification:_identify(omni_ros2/src/robot_description) by extensions ['ignore', 'ignore_ament_install']
[0.412s] Level 1:colcon.colcon_core.package_identification:_identify(omni_ros2/src/robot_description) by extension 'ignore'
[0.412s] Level 1:colcon.colcon_core.package_identification:_identify(omni_ros2/src/robot_description) by extension 'ignore_ament_install'
[0.412s] Level 1:colcon.colcon_core.package_identification:_identify(omni_ros2/src/robot_description) by extensions ['colcon_pkg']
[0.412s] Level 1:colcon.colcon_core.package_identification:_identify(omni_ros2/src/robot_description) by extension 'colcon_pkg'
[0.412s] Level 1:colcon.colcon_core.package_identification:_identify(omni_ros2/src/robot_description) by extensions ['colcon_meta']
[0.412s] Level 1:colcon.colcon_core.package_identification:_identify(omni_ros2/src/robot_description) by extension 'colcon_meta'
[0.413s] Level 1:colcon.colcon_core.package_identification:_identify(omni_ros2/src/robot_description) by extensions ['ros']
[0.413s] Level 1:colcon.colcon_core.package_identification:_identify(omni_ros2/src/robot_description) by extension 'ros'
[0.413s] DEBUG:colcon.colcon_core.package_identification:Package 'omni_ros2/src/robot_description' with type 'ros.ament_python' and name 'robot_description'
[0.413s] Level 1:colcon.colcon_core.package_discovery:discover_packages(recursive) using defaults
[0.413s] Level 1:colcon.colcon_core.package_discovery:discover_packages(ignore) discover
[0.413s] Level 1:colcon.colcon_core.package_discovery:discover_packages(ignore) using defaults
[0.413s] Level 1:colcon.colcon_core.package_discovery:discover_packages(path) discover
[0.413s] Level 1:colcon.colcon_core.package_discovery:discover_packages(path) using defaults
[0.438s] Level 1:colcon.colcon_core.package_discovery:discover_packages(prefix_path) check parameters
[0.438s] Level 1:colcon.colcon_core.package_discovery:discover_packages(prefix_path) discover
[0.442s] DEBUG:colcon.colcon_installed_package_information.package_discovery:Found 392 installed packages in /opt/ros/humble
[0.443s] Level 1:colcon.colcon_core.package_discovery:discover_packages(prefix_path) using defaults
[0.509s] Level 5:colcon.colcon_core.verb:set package 'omni_control' build argument 'cmake_args' from command line to 'None'
[0.509s] Level 5:colcon.colcon_core.verb:set package 'omni_control' build argument 'cmake_target' from command line to 'None'
[0.509s] Level 5:colcon.colcon_core.verb:set package 'omni_control' build argument 'cmake_target_skip_unavailable' from command line to 'False'
[0.509s] Level 5:colcon.colcon_core.verb:set package 'omni_control' build argument 'cmake_clean_cache' from command line to 'False'
[0.509s] Level 5:colcon.colcon_core.verb:set package 'omni_control' build argument 'cmake_clean_first' from command line to 'False'
[0.509s] Level 5:colcon.colcon_core.verb:set package 'omni_control' build argument 'cmake_force_configure' from command line to 'False'
[0.509s] Level 5:colcon.colcon_core.verb:set package 'omni_control' build argument 'ament_cmake_args' from command line to 'None'
[0.509s] Level 5:colcon.colcon_core.verb:set package 'omni_control' build argument 'catkin_cmake_args' from command line to 'None'
[0.509s] Level 5:colcon.colcon_core.verb:set package 'omni_control' build argument 'catkin_skip_building_tests' from command line to 'False'
[0.509s] DEBUG:colcon.colcon_core.verb:Building package 'omni_control' with the following arguments: {'ament_cmake_args': None, 'build_base': '/home/paradox/omni_r2_ws/build/omni_control', 'catkin_cmake_args': None, 'catkin_skip_building_tests': False, 'cmake_args': None, 'cmake_clean_cache': False, 'cmake_clean_first': False, 'cmake_force_configure': False, 'cmake_target': None, 'cmake_target_skip_unavailable': False, 'install_base': '/home/paradox/omni_r2_ws/install/omni_control', 'merge_install': False, 'path': '/home/paradox/omni_r2_ws/omni_ros2/src/omni_control', 'symlink_install': False, 'test_result_base': None}
[0.510s] Level 5:colcon.colcon_core.verb:set package 'robot_description' build argument 'cmake_args' from command line to 'None'
[0.510s] Level 5:colcon.colcon_core.verb:set package 'robot_description' build argument 'cmake_target' from command line to 'None'
[0.510s] Level 5:colcon.colcon_core.verb:set package 'robot_description' build argument 'cmake_target_skip_unavailable' from command line to 'False'
[0.510s] Level 5:colcon.colcon_core.verb:set package 'robot_description' build argument 'cmake_clean_cache' from command line to 'False'
[0.510s] Level 5:colcon.colcon_core.verb:set package 'robot_description' build argument 'cmake_clean_first' from command line to 'False'
[0.510s] Level 5:colcon.colcon_core.verb:set package 'robot_description' build argument 'cmake_force_configure' from command line to 'False'
[0.510s] Level 5:colcon.colcon_core.verb:set package 'robot_description' build argument 'ament_cmake_args' from command line to 'None'
[0.510s] Level 5:colcon.colcon_core.verb:set package 'robot_description' build argument 'catkin_cmake_args' from command line to 'None'
[0.510s] Level 5:colcon.colcon_core.verb:set package 'robot_description' build argument 'catkin_skip_building_tests' from command line to 'False'
[0.510s] DEBUG:colcon.colcon_core.verb:Building package 'robot_description' with the following arguments: {'ament_cmake_args': None, 'build_base': '/home/paradox/omni_r2_ws/build/robot_description', 'catkin_cmake_args': None, 'catkin_skip_building_tests': False, 'cmake_args': None, 'cmake_clean_cache': False, 'cmake_clean_first': False, 'cmake_force_configure': False, 'cmake_target': None, 'cmake_target_skip_unavailable': False, 'install_base': '/home/paradox/omni_r2_ws/install/robot_description', 'merge_install': False, 'path': '/home/paradox/omni_r2_ws/omni_ros2/src/robot_description', 'symlink_install': False, 'test_result_base': None}
[0.511s] INFO:colcon.colcon_core.executor:Executing jobs using 'parallel' executor
[0.514s] DEBUG:colcon.colcon_parallel_executor.executor.parallel:run_until_complete
[0.514s] INFO:colcon.colcon_ros.task.ament_python.build:Building ROS package in '/home/paradox/omni_r2_ws/omni_ros2/src/omni_control' with build type 'ament_python'
[0.514s] Level 1:colcon.colcon_core.shell:create_environment_hook('omni_control', 'ament_prefix_path')
[0.519s] INFO:colcon.colcon_core.plugin_system:Skipping extension 'colcon_core.shell.bat': Not used on non-Windows systems
[0.520s] INFO:colcon.colcon_core.shell:Creating environment hook '/home/paradox/omni_r2_ws/install/omni_control/share/omni_control/hook/ament_prefix_path.ps1'
[0.520s] INFO:colcon.colcon_core.shell:Creating environment descriptor '/home/paradox/omni_r2_ws/install/omni_control/share/omni_control/hook/ament_prefix_path.dsv'
[0.521s] INFO:colcon.colcon_core.shell:Creating environment hook '/home/paradox/omni_r2_ws/install/omni_control/share/omni_control/hook/ament_prefix_path.sh'
[0.522s] INFO:colcon.colcon_core.shell:Skip shell extension 'powershell' for command environment: Not usable outside of PowerShell
[0.522s] DEBUG:colcon.colcon_core.shell:Skip shell extension 'dsv' for command environment
[0.525s] INFO:colcon.colcon_ros.task.ament_python.build:Building ROS package in '/home/paradox/omni_r2_ws/omni_ros2/src/robot_description' with build type 'ament_python'
[0.525s] Level 1:colcon.colcon_core.shell:create_environment_hook('robot_description', 'ament_prefix_path')
[0.526s] INFO:colcon.colcon_core.shell:Creating environment hook '/home/paradox/omni_r2_ws/install/robot_description/share/robot_description/hook/ament_prefix_path.ps1'
[0.527s] INFO:colcon.colcon_core.shell:Creating environment descriptor '/home/paradox/omni_r2_ws/install/robot_description/share/robot_description/hook/ament_prefix_path.dsv'
[0.527s] INFO:colcon.colcon_core.shell:Creating environment hook '/home/paradox/omni_r2_ws/install/robot_description/share/robot_description/hook/ament_prefix_path.sh'
[0.529s] INFO:colcon.colcon_core.shell:Skip shell extension 'powershell' for command environment: Not usable outside of PowerShell
[0.529s] DEBUG:colcon.colcon_core.shell:Skip shell extension 'dsv' for command environment
[0.748s] INFO:colcon.colcon_core.task.python.build:Building Python package in '/home/paradox/omni_r2_ws/omni_ros2/src/omni_control'
[0.749s] INFO:colcon.colcon_core.shell:Skip shell extension 'powershell' for command environment: Not usable outside of PowerShell
[0.749s] DEBUG:colcon.colcon_core.shell:Skip shell extension 'dsv' for command environment
[0.977s] INFO:colcon.colcon_core.task.python.build:Building Python package in '/home/paradox/omni_r2_ws/omni_ros2/src/robot_description'
[0.979s] INFO:colcon.colcon_core.shell:Skip shell extension 'powershell' for command environment: Not usable outside of PowerShell
[0.979s] DEBUG:colcon.colcon_core.shell:Skip shell extension 'dsv' for command environment
[1.396s] DEBUG:colcon.colcon_core.event_handler.log_command:Invoking command in '/home/paradox/omni_r2_ws/omni_ros2/src/robot_description': PYTHONPATH=/home/paradox/omni_r2_ws/build/robot_description/prefix_override:/home/paradox/omni_r2_ws/install/robot_description/lib/python3.10/site-packages:${PYTHONPATH} /usr/bin/python3 setup.py egg_info --egg-base ../../../build/robot_description build --build-base /home/paradox/omni_r2_ws/build/robot_description/build install --record /home/paradox/omni_r2_ws/build/robot_description/install.log --install-scripts $base/lib/robot_description --single-version-externally-managed
[1.399s] DEBUG:colcon.colcon_core.event_handler.log_command:Invoking command in '/home/paradox/omni_r2_ws/omni_ros2/src/omni_control': PYTHONPATH=/home/paradox/omni_r2_ws/build/omni_control/prefix_override:/home/paradox/omni_r2_ws/install/omni_control/lib/python3.10/site-packages:${PYTHONPATH} /usr/bin/python3 setup.py egg_info --egg-base ../../../build/omni_control build --build-base /home/paradox/omni_r2_ws/build/omni_control/build install --record /home/paradox/omni_r2_ws/build/omni_control/install.log --single-version-externally-managed
[1.706s] DEBUG:colcon.colcon_core.event_handler.log_command:Invoked command in '/home/paradox/omni_r2_ws/omni_ros2/src/omni_control' returned '0': PYTHONPATH=/home/paradox/omni_r2_ws/build/omni_control/prefix_override:/home/paradox/omni_r2_ws/install/omni_control/lib/python3.10/site-packages:${PYTHONPATH} /usr/bin/python3 setup.py egg_info --egg-base ../../../build/omni_control build --build-base /home/paradox/omni_r2_ws/build/omni_control/build install --record /home/paradox/omni_r2_ws/build/omni_control/install.log --single-version-externally-managed
[1.714s] Level 1:colcon.colcon_core.environment:checking '/home/paradox/omni_r2_ws/install/omni_control' for CMake module files
[1.714s] Level 1:colcon.colcon_core.environment:checking '/home/paradox/omni_r2_ws/install/omni_control' for CMake config files
[1.715s] Level 1:colcon.colcon_core.environment:checking '/home/paradox/omni_r2_ws/install/omni_control/lib'
[1.715s] Level 1:colcon.colcon_core.environment:checking '/home/paradox/omni_r2_ws/install/omni_control/bin'
[1.715s] Level 1:colcon.colcon_core.environment:checking '/home/paradox/omni_r2_ws/install/omni_control/lib/pkgconfig/omni_control.pc'
[1.715s] Level 1:colcon.colcon_core.environment:checking '/home/paradox/omni_r2_ws/install/omni_control/lib/python3.10/site-packages'
[1.715s] Level 1:colcon.colcon_core.shell:create_environment_hook('omni_control', 'pythonpath')
[1.717s] INFO:colcon.colcon_core.shell:Creating environment hook '/home/paradox/omni_r2_ws/install/omni_control/share/omni_control/hook/pythonpath.ps1'
[1.717s] INFO:colcon.colcon_core.shell:Creating environment descriptor '/home/paradox/omni_r2_ws/install/omni_control/share/omni_control/hook/pythonpath.dsv'
[1.717s] INFO:colcon.colcon_core.shell:Creating environment hook '/home/paradox/omni_r2_ws/install/omni_control/share/omni_control/hook/pythonpath.sh'
[1.718s] Level 1:colcon.colcon_core.environment:checking '/home/paradox/omni_r2_ws/install/omni_control/bin'
[1.718s] Level 1:colcon.colcon_core.environment:create_environment_scripts_only(omni_control)
[1.720s] INFO:colcon.colcon_core.shell:Creating package script '/home/paradox/omni_r2_ws/install/omni_control/share/omni_control/package.ps1'
[1.720s] INFO:colcon.colcon_core.shell:Creating package descriptor '/home/paradox/omni_r2_ws/install/omni_control/share/omni_control/package.dsv'
[1.721s] INFO:colcon.colcon_core.shell:Creating package script '/home/paradox/omni_r2_ws/install/omni_control/share/omni_control/package.sh'
[1.722s] INFO:colcon.colcon_core.shell:Creating package script '/home/paradox/omni_r2_ws/install/omni_control/share/omni_control/package.bash'
[1.723s] INFO:colcon.colcon_core.shell:Creating package script '/home/paradox/omni_r2_ws/install/omni_control/share/omni_control/package.zsh'
[1.723s] Level 1:colcon.colcon_core.environment:create_file_with_runtime_dependencies(/home/paradox/omni_r2_ws/install/omni_control/share/colcon-core/packages/omni_control)
[1.727s] Level 1:colcon.colcon_core.environment:checking '/home/paradox/omni_r2_ws/install/robot_description' for CMake module files
[1.727s] DEBUG:colcon.colcon_core.event_handler.log_command:Invoked command in '/home/paradox/omni_r2_ws/omni_ros2/src/robot_description' returned '0': PYTHONPATH=/home/paradox/omni_r2_ws/build/robot_description/prefix_override:/home/paradox/omni_r2_ws/install/robot_description/lib/python3.10/site-packages:${PYTHONPATH} /usr/bin/python3 setup.py egg_info --egg-base ../../../build/robot_description build --build-base /home/paradox/omni_r2_ws/build/robot_description/build install --record /home/paradox/omni_r2_ws/build/robot_description/install.log --install-scripts $base/lib/robot_description --single-version-externally-managed
[1.727s] Level 1:colcon.colcon_core.environment:checking '/home/paradox/omni_r2_ws/install/robot_description' for CMake config files
[1.728s] Level 1:colcon.colcon_core.environment:checking '/home/paradox/omni_r2_ws/install/robot_description/lib'
[1.728s] Level 1:colcon.colcon_core.environment:checking '/home/paradox/omni_r2_ws/install/robot_description/bin'
[1.728s] Level 1:colcon.colcon_core.environment:checking '/home/paradox/omni_r2_ws/install/robot_description/lib/pkgconfig/robot_description.pc'
[1.728s] Level 1:colcon.colcon_core.environment:checking '/home/paradox/omni_r2_ws/install/robot_description/lib/python3.10/site-packages'
[1.728s] Level 1:colcon.colcon_core.shell:create_environment_hook('robot_description', 'pythonpath')
[1.730s] INFO:colcon.colcon_core.shell:Creating environment hook '/home/paradox/omni_r2_ws/install/robot_description/share/robot_description/hook/pythonpath.ps1'
[1.730s] INFO:colcon.colcon_core.shell:Creating environment descriptor '/home/paradox/omni_r2_ws/install/robot_description/share/robot_description/hook/pythonpath.dsv'
[1.730s] INFO:colcon.colcon_core.shell:Creating environment hook '/home/paradox/omni_r2_ws/install/robot_description/share/robot_description/hook/pythonpath.sh'
[1.731s] Level 1:colcon.colcon_core.environment:checking '/home/paradox/omni_r2_ws/install/robot_description/bin'
[1.731s] Level 1:colcon.colcon_core.environment:create_environment_scripts_only(robot_description)
[1.732s] INFO:colcon.colcon_core.shell:Creating package script '/home/paradox/omni_r2_ws/install/robot_description/share/robot_description/package.ps1'
[1.733s] INFO:colcon.colcon_core.shell:Creating package descriptor '/home/paradox/omni_r2_ws/install/robot_description/share/robot_description/package.dsv'
[1.733s] INFO:colcon.colcon_core.shell:Creating package script '/home/paradox/omni_r2_ws/install/robot_description/share/robot_description/package.sh'
[1.733s] INFO:colcon.colcon_core.shell:Creating package script '/home/paradox/omni_r2_ws/install/robot_description/share/robot_description/package.bash'
[1.734s] INFO:colcon.colcon_core.shell:Creating package script '/home/paradox/omni_r2_ws/install/robot_description/share/robot_description/package.zsh'
[1.734s] Level 1:colcon.colcon_core.environment:create_file_with_runtime_dependencies(/home/paradox/omni_r2_ws/install/robot_description/share/colcon-core/packages/robot_description)
[1.734s] DEBUG:colcon.colcon_parallel_executor.executor.parallel:closing loop
[1.734s] DEBUG:colcon.colcon_parallel_executor.executor.parallel:loop closed
[1.734s] DEBUG:colcon.colcon_parallel_executor.executor.parallel:run_until_complete finished with '0'
[1.735s] DEBUG:colcon.colcon_core.event_reactor:joining thread
[1.740s] INFO:colcon.colcon_core.plugin_system:Skipping extension 'colcon_notification.desktop_notification.terminal_notifier': Not used on non-Darwin systems
[1.740s] INFO:colcon.colcon_core.plugin_system:Skipping extension 'colcon_notification.desktop_notification.win32': Not used on non-Windows systems
[1.740s] INFO:colcon.colcon_notification.desktop_notification:Sending desktop notification using 'notify2'
[1.756s] DEBUG:colcon.colcon_core.event_reactor:joined thread
[1.758s] INFO:colcon.colcon_core.shell:Creating prefix script '/home/paradox/omni_r2_ws/install/local_setup.ps1'
[1.759s] INFO:colcon.colcon_core.shell:Creating prefix util module '/home/paradox/omni_r2_ws/install/_local_setup_util_ps1.py'
[1.760s] INFO:colcon.colcon_core.shell:Creating prefix chain script '/home/paradox/omni_r2_ws/install/setup.ps1'
[1.761s] INFO:colcon.colcon_core.shell:Creating prefix script '/home/paradox/omni_r2_ws/install/local_setup.sh'
[1.762s] INFO:colcon.colcon_core.shell:Creating prefix util module '/home/paradox/omni_r2_ws/install/_local_setup_util_sh.py'
[1.762s] INFO:colcon.colcon_core.shell:Creating prefix chain script '/home/paradox/omni_r2_ws/install/setup.sh'
[1.763s] INFO:colcon.colcon_core.shell:Creating prefix script '/home/paradox/omni_r2_ws/install/local_setup.bash'
[1.764s] INFO:colcon.colcon_core.shell:Creating prefix chain script '/home/paradox/omni_r2_ws/install/setup.bash'
[1.765s] INFO:colcon.colcon_core.shell:Creating prefix script '/home/paradox/omni_r2_ws/install/local_setup.zsh'
[1.765s] INFO:colcon.colcon_core.shell:Creating prefix chain script '/home/paradox/omni_r2_ws/install/setup.zsh'
