running egg_info
writing ../../build/omni_control/omni_control.egg-info/PKG-INFO
writing dependency_links to ../../build/omni_control/omni_control.egg-info/dependency_links.txt
writing entry points to ../../build/omni_control/omni_control.egg-info/entry_points.txt
writing requirements to ../../build/omni_control/omni_control.egg-info/requires.txt
writing top-level names to ../../build/omni_control/omni_control.egg-info/top_level.txt
reading manifest file '../../build/omni_control/omni_control.egg-info/SOURCES.txt'
writing manifest file '../../build/omni_control/omni_control.egg-info/SOURCES.txt'
running build
running build_py
copying omni_control/omni_drive_controller.py -> /home/paradox/omni_r2_ws/build/omni_control/build/lib/omni_control
running install
running install_lib
copying /home/paradox/omni_r2_ws/build/omni_control/build/lib/omni_control/omni_drive_controller.py -> /home/paradox/omni_r2_ws/install/omni_control/lib/python3.10/site-packages/omni_control
byte-compiling /home/paradox/omni_r2_ws/install/omni_control/lib/python3.10/site-packages/omni_control/omni_drive_controller.py to omni_drive_controller.cpython-310.pyc
running install_data
running install_egg_info
removing '/home/paradox/omni_r2_ws/install/omni_control/lib/python3.10/site-packages/omni_control-0.0.0-py3.10.egg-info' (and everything under it)
Copying ../../build/omni_control/omni_control.egg-info to /home/paradox/omni_r2_ws/install/omni_control/lib/python3.10/site-packages/omni_control-0.0.0-py3.10.egg-info
running install_scripts
Installing omni_control_node script to /home/paradox/omni_r2_ws/install/omni_control/lib/omni_control
writing list of installed files to '/home/paradox/omni_r2_ws/build/omni_control/install.log'
