[0.874s] Invoking command in '/home/paradox/omni_r2_ws/src/robot_description': PYTHONPATH=/home/paradox/omni_r2_ws/build/robot_description/prefix_override:/home/paradox/omni_r2_ws/install/robot_description/lib/python3.10/site-packages:${PYTHONPATH} /usr/bin/python3 setup.py egg_info --egg-base ../../build/robot_description build --build-base /home/paradox/omni_r2_ws/build/robot_description/build install --record /home/paradox/omni_r2_ws/build/robot_description/install.log --install-scripts $base/lib/robot_description --single-version-externally-managed
[1.120s] /usr/lib/python3/dist-packages/setuptools/dist.py:723: UserWarning: Usage of dash-separated 'script-dir' will not be supported in future versions. Please use the underscore name 'script_dir' instead
[1.120s]   warnings.warn(
[1.128s] running egg_info
[1.129s] writing ../../build/robot_description/robot_description.egg-info/PKG-INFO
[1.130s] writing dependency_links to ../../build/robot_description/robot_description.egg-info/dependency_links.txt
[1.130s] writing entry points to ../../build/robot_description/robot_description.egg-info/entry_points.txt
[1.130s] writing requirements to ../../build/robot_description/robot_description.egg-info/requires.txt
[1.130s] writing top-level names to ../../build/robot_description/robot_description.egg-info/top_level.txt
[1.132s] reading manifest file '../../build/robot_description/robot_description.egg-info/SOURCES.txt'
[1.134s] writing manifest file '../../build/robot_description/robot_description.egg-info/SOURCES.txt'
[1.134s] running build
[1.134s] running build_py
[1.134s] running install
[1.134s] /usr/lib/python3/dist-packages/setuptools/command/install.py:34: SetuptoolsDeprecationWarning: setup.py install is deprecated. Use build and pip and other standards-based tools.
[1.134s]   warnings.warn(
[1.135s] running install_lib
[1.136s] running install_data
[1.137s] copying launch/gazebo.launch.py -> /home/paradox/omni_r2_ws/install/robot_description/share/robot_description/launch
[1.138s] running install_egg_info
[1.140s] removing '/home/paradox/omni_r2_ws/install/robot_description/lib/python3.10/site-packages/robot_description-0.0.0-py3.10.egg-info' (and everything under it)
[1.140s] Copying ../../build/robot_description/robot_description.egg-info to /home/paradox/omni_r2_ws/install/robot_description/lib/python3.10/site-packages/robot_description-0.0.0-py3.10.egg-info
[1.141s] running install_scripts
[1.164s] writing list of installed files to '/home/paradox/omni_r2_ws/build/robot_description/install.log'
[1.192s] Invoked command in '/home/paradox/omni_r2_ws/src/robot_description' returned '0': PYTHONPATH=/home/paradox/omni_r2_ws/build/robot_description/prefix_override:/home/paradox/omni_r2_ws/install/robot_description/lib/python3.10/site-packages:${PYTHONPATH} /usr/bin/python3 setup.py egg_info --egg-base ../../build/robot_description build --build-base /home/paradox/omni_r2_ws/build/robot_description/build install --record /home/paradox/omni_r2_ws/build/robot_description/install.log --install-scripts $base/lib/robot_description --single-version-externally-managed
