/home/paradox/omni_r2_ws/install/robot_description/lib/python3.10/site-packages/robot_description/__init__.py
/home/paradox/omni_r2_ws/install/robot_description/lib/python3.10/site-packages/robot_description/__pycache__/__init__.cpython-310.pyc
/home/paradox/omni_r2_ws/install/robot_description/share/ament_index/resource_index/packages/robot_description
/home/paradox/omni_r2_ws/install/robot_description/share/robot_description/package.xml
/home/paradox/omni_r2_ws/install/robot_description/share/robot_description/launch/display.launch.py
/home/paradox/omni_r2_ws/install/robot_description/share/robot_description/launch/gazebo.launch.py
/home/paradox/omni_r2_ws/install/robot_description/share/robot_description/urdf/robot.trans
/home/paradox/omni_r2_ws/install/robot_description/share/robot_description/urdf/robot.gazebo
/home/paradox/omni_r2_ws/install/robot_description/share/robot_description/urdf/materials.xacro
/home/paradox/omni_r2_ws/install/robot_description/share/robot_description/urdf/robot.xacro
/home/paradox/omni_r2_ws/install/robot_description/share/robot_description/meshes/roller_3_7.stl
/home/paradox/omni_r2_ws/install/robot_description/share/robot_description/meshes/wheel_3.stl
/home/paradox/omni_r2_ws/install/robot_description/share/robot_description/meshes/roller_2_7.stl
/home/paradox/omni_r2_ws/install/robot_description/share/robot_description/meshes/roller_4_4.stl
/home/paradox/omni_r2_ws/install/robot_description/share/robot_description/meshes/wheel_4.stl
/home/paradox/omni_r2_ws/install/robot_description/share/robot_description/meshes/roller_1_5.stl
/home/paradox/omni_r2_ws/install/robot_description/share/robot_description/meshes/roller_4_7.stl
/home/paradox/omni_r2_ws/install/robot_description/share/robot_description/meshes/roller_3_6.stl
/home/paradox/omni_r2_ws/install/robot_description/share/robot_description/meshes/wheel_1.stl
/home/paradox/omni_r2_ws/install/robot_description/share/robot_description/meshes/roller_4_1.stl
/home/paradox/omni_r2_ws/install/robot_description/share/robot_description/meshes/roller_3_1.stl
/home/paradox/omni_r2_ws/install/robot_description/share/robot_description/meshes/roller_2_2.stl
/home/paradox/omni_r2_ws/install/robot_description/share/robot_description/meshes/base_link.stl
/home/paradox/omni_r2_ws/install/robot_description/share/robot_description/meshes/roller_3_4.stl
/home/paradox/omni_r2_ws/install/robot_description/share/robot_description/meshes/roller_4_6.stl
/home/paradox/omni_r2_ws/install/robot_description/share/robot_description/meshes/roller_2_3.stl
/home/paradox/omni_r2_ws/install/robot_description/share/robot_description/meshes/roller_1_1.stl
/home/paradox/omni_r2_ws/install/robot_description/share/robot_description/meshes/roller_3_3.stl
/home/paradox/omni_r2_ws/install/robot_description/share/robot_description/meshes/roller_4_3.stl
/home/paradox/omni_r2_ws/install/robot_description/share/robot_description/meshes/roller_1_3.stl
/home/paradox/omni_r2_ws/install/robot_description/share/robot_description/meshes/roller_2_5.stl
/home/paradox/omni_r2_ws/install/robot_description/share/robot_description/meshes/roller_2_1.stl
/home/paradox/omni_r2_ws/install/robot_description/share/robot_description/meshes/roller_2_4.stl
/home/paradox/omni_r2_ws/install/robot_description/share/robot_description/meshes/camera_1.stl
/home/paradox/omni_r2_ws/install/robot_description/share/robot_description/meshes/roller_1_4.stl
/home/paradox/omni_r2_ws/install/robot_description/share/robot_description/meshes/roller_3_5.stl
/home/paradox/omni_r2_ws/install/robot_description/share/robot_description/meshes/roller_1_2.stl
/home/paradox/omni_r2_ws/install/robot_description/share/robot_description/meshes/wheel_2.stl
/home/paradox/omni_r2_ws/install/robot_description/share/robot_description/meshes/roller_1_6.stl
/home/paradox/omni_r2_ws/install/robot_description/share/robot_description/meshes/lidar_1.stl
/home/paradox/omni_r2_ws/install/robot_description/share/robot_description/meshes/roller_4_2.stl
/home/paradox/omni_r2_ws/install/robot_description/share/robot_description/config/display.rviz
/home/paradox/omni_r2_ws/install/robot_description/share/robot_description/config/omni_controller.yaml
/home/paradox/omni_r2_ws/install/robot_description/lib/python3.10/site-packages/robot_description-0.0.0-py3.10.egg-info/entry_points.txt
/home/paradox/omni_r2_ws/install/robot_description/lib/python3.10/site-packages/robot_description-0.0.0-py3.10.egg-info/PKG-INFO
/home/paradox/omni_r2_ws/install/robot_description/lib/python3.10/site-packages/robot_description-0.0.0-py3.10.egg-info/zip-safe
/home/paradox/omni_r2_ws/install/robot_description/lib/python3.10/site-packages/robot_description-0.0.0-py3.10.egg-info/dependency_links.txt
/home/paradox/omni_r2_ws/install/robot_description/lib/python3.10/site-packages/robot_description-0.0.0-py3.10.egg-info/requires.txt
/home/paradox/omni_r2_ws/install/robot_description/lib/python3.10/site-packages/robot_description-0.0.0-py3.10.egg-info/top_level.txt
/home/paradox/omni_r2_ws/install/robot_description/lib/python3.10/site-packages/robot_description-0.0.0-py3.10.egg-info/SOURCES.txt
