running egg_info
creating ../../../build/omni_control/omni_control.egg-info
writing ../../../build/omni_control/omni_control.egg-info/PKG-INFO
writing dependency_links to ../../../build/omni_control/omni_control.egg-info/dependency_links.txt
writing entry points to ../../../build/omni_control/omni_control.egg-info/entry_points.txt
writing requirements to ../../../build/omni_control/omni_control.egg-info/requires.txt
writing top-level names to ../../../build/omni_control/omni_control.egg-info/top_level.txt
writing manifest file '../../../build/omni_control/omni_control.egg-info/SOURCES.txt'
reading manifest file '../../../build/omni_control/omni_control.egg-info/SOURCES.txt'
writing manifest file '../../../build/omni_control/omni_control.egg-info/SOURCES.txt'
running build
running build_py
creating /home/paradox/omni_r2_ws/build/omni_control/build
creating /home/paradox/omni_r2_ws/build/omni_control/build/lib
creating /home/paradox/omni_r2_ws/build/omni_control/build/lib/omni_control
copying omni_control/__init__.py -> /home/paradox/omni_r2_ws/build/omni_control/build/lib/omni_control
copying omni_control/omni_drive_controller.py -> /home/paradox/omni_r2_ws/build/omni_control/build/lib/omni_control
running install
running install_lib
creating /home/paradox/omni_r2_ws/install/omni_control/lib/python3.10/site-packages/omni_control
copying /home/paradox/omni_r2_ws/build/omni_control/build/lib/omni_control/__init__.py -> /home/paradox/omni_r2_ws/install/omni_control/lib/python3.10/site-packages/omni_control
copying /home/paradox/omni_r2_ws/build/omni_control/build/lib/omni_control/omni_drive_controller.py -> /home/paradox/omni_r2_ws/install/omni_control/lib/python3.10/site-packages/omni_control
byte-compiling /home/paradox/omni_r2_ws/install/omni_control/lib/python3.10/site-packages/omni_control/__init__.py to __init__.cpython-310.pyc
byte-compiling /home/paradox/omni_r2_ws/install/omni_control/lib/python3.10/site-packages/omni_control/omni_drive_controller.py to omni_drive_controller.cpython-310.pyc
running install_data
creating /home/paradox/omni_r2_ws/install/omni_control/share/ament_index
creating /home/paradox/omni_r2_ws/install/omni_control/share/ament_index/resource_index
creating /home/paradox/omni_r2_ws/install/omni_control/share/ament_index/resource_index/packages
copying resource/omni_control -> /home/paradox/omni_r2_ws/install/omni_control/share/ament_index/resource_index/packages
copying package.xml -> /home/paradox/omni_r2_ws/install/omni_control/share/omni_control
running install_egg_info
Copying ../../../build/omni_control/omni_control.egg-info to /home/paradox/omni_r2_ws/install/omni_control/lib/python3.10/site-packages/omni_control-0.0.0-py3.10.egg-info
running install_scripts
Installing omni_control_node script to /home/paradox/omni_r2_ws/install/omni_control/lib/omni_control
writing list of installed files to '/home/paradox/omni_r2_ws/build/omni_control/install.log'
